[1.846s] Invoking command in '/home/samarpit_bhatia/perception_summer/src/lidar_cone_detector': PYTHONPATH=/home/samarpit_bhatia/perception_summer/build/lidar_cone_detector/prefix_override:/usr/lib/python3/dist-packages/colcon_core/task/python/colcon_distutils_commands:/home/samarpit_bhatia/perception_summer/install/lidar_cone_detector/lib/python3.10/site-packages:${PYTHONPATH} /usr/bin/python3 -W ignore:setup.py install is deprecated -W ignore:easy_install command is deprecated setup.py egg_info --egg-base ../../build/lidar_cone_detector build --build-base /home/samarpit_bhatia/perception_summer/build/lidar_cone_detector/build install --record /home/samarpit_bhatia/perception_summer/build/lidar_cone_detector/install.log --single-version-externally-managed install_data
[2.156s] running egg_info
[2.156s] writing ../../build/lidar_cone_detector/lidar_cone_detector.egg-info/PKG-INFO
[2.157s] writing dependency_links to ../../build/lidar_cone_detector/lidar_cone_detector.egg-info/dependency_links.txt
[2.159s] writing entry points to ../../build/lidar_cone_detector/lidar_cone_detector.egg-info/entry_points.txt
[2.159s] writing requirements to ../../build/lidar_cone_detector/lidar_cone_detector.egg-info/requires.txt
[2.159s] writing top-level names to ../../build/lidar_cone_detector/lidar_cone_detector.egg-info/top_level.txt
[2.160s] reading manifest file '../../build/lidar_cone_detector/lidar_cone_detector.egg-info/SOURCES.txt'
[2.161s] writing manifest file '../../build/lidar_cone_detector/lidar_cone_detector.egg-info/SOURCES.txt'
[2.161s] running build
[2.161s] running build_py
[2.162s] copying lidar_cone_detector/cone_detector_node.py -> /home/samarpit_bhatia/perception_summer/build/lidar_cone_detector/build/lib/lidar_cone_detector
[2.162s] running install
[2.163s] running install_lib
[2.164s] copying /home/samarpit_bhatia/perception_summer/build/lidar_cone_detector/build/lib/lidar_cone_detector/cone_detector_node.py -> /home/samarpit_bhatia/perception_summer/install/lidar_cone_detector/lib/python3.10/site-packages/lidar_cone_detector
[2.166s] byte-compiling /home/samarpit_bhatia/perception_summer/install/lidar_cone_detector/lib/python3.10/site-packages/lidar_cone_detector/cone_detector_node.py to cone_detector_node.cpython-310.pyc
[2.168s] running install_data
[2.168s] running install_egg_info
[2.172s] removing '/home/samarpit_bhatia/perception_summer/install/lidar_cone_detector/lib/python3.10/site-packages/lidar_cone_detector-0.0.0-py3.10.egg-info' (and everything under it)
[2.173s] Copying ../../build/lidar_cone_detector/lidar_cone_detector.egg-info to /home/samarpit_bhatia/perception_summer/install/lidar_cone_detector/lib/python3.10/site-packages/lidar_cone_detector-0.0.0-py3.10.egg-info
[2.175s] running install_scripts
[2.220s] Installing cone_detector_node script to /home/samarpit_bhatia/perception_summer/install/lidar_cone_detector/lib/lidar_cone_detector
[2.221s] writing list of installed files to '/home/samarpit_bhatia/perception_summer/build/lidar_cone_detector/install.log'
[2.246s] Invoked command in '/home/samarpit_bhatia/perception_summer/src/lidar_cone_detector' returned '0': PYTHONPATH=/home/samarpit_bhatia/perception_summer/build/lidar_cone_detector/prefix_override:/usr/lib/python3/dist-packages/colcon_core/task/python/colcon_distutils_commands:/home/samarpit_bhatia/perception_summer/install/lidar_cone_detector/lib/python3.10/site-packages:${PYTHONPATH} /usr/bin/python3 -W ignore:setup.py install is deprecated -W ignore:easy_install command is deprecated setup.py egg_info --egg-base ../../build/lidar_cone_detector build --build-base /home/samarpit_bhatia/perception_summer/build/lidar_cone_detector/build install --record /home/samarpit_bhatia/perception_summer/build/lidar_cone_detector/install.log --single-version-externally-managed install_data
