[1.467s] Invoking command in '/home/samarpit_bhatia/perception_summer/src/lidar_cone_detector': PYTHONPATH=/home/samarpit_bhatia/perception_summer/build/lidar_cone_detector/prefix_override:/usr/lib/python3/dist-packages/colcon_core/task/python/colcon_distutils_commands:/home/samarpit_bhatia/perception_summer/install/lidar_cone_detector/lib/python3.10/site-packages:${PYTHONPATH} /usr/bin/python3 -W ignore:setup.py install is deprecated -W ignore:easy_install command is deprecated setup.py egg_info --egg-base ../../build/lidar_cone_detector build --build-base /home/samarpit_bhatia/perception_summer/build/lidar_cone_detector/build install --record /home/samarpit_bhatia/perception_summer/build/lidar_cone_detector/install.log --single-version-externally-managed install_data
[1.592s] running egg_info
[1.592s] writing ../../build/lidar_cone_detector/lidar_cone_detector.egg-info/PKG-INFO
[1.592s] writing dependency_links to ../../build/lidar_cone_detector/lidar_cone_detector.egg-info/dependency_links.txt
[1.592s] writing entry points to ../../build/lidar_cone_detector/lidar_cone_detector.egg-info/entry_points.txt
[1.592s] writing requirements to ../../build/lidar_cone_detector/lidar_cone_detector.egg-info/requires.txt
[1.593s] writing top-level names to ../../build/lidar_cone_detector/lidar_cone_detector.egg-info/top_level.txt
[1.593s] reading manifest file '../../build/lidar_cone_detector/lidar_cone_detector.egg-info/SOURCES.txt'
[1.594s] writing manifest file '../../build/lidar_cone_detector/lidar_cone_detector.egg-info/SOURCES.txt'
[1.594s] running build
[1.594s] running build_py
[1.594s] running install
[1.595s] running install_lib
[1.596s] running install_data
[1.596s] running install_egg_info
[1.597s] removing '/home/samarpit_bhatia/perception_summer/install/lidar_cone_detector/lib/python3.10/site-packages/lidar_cone_detector-0.0.0-py3.10.egg-info' (and everything under it)
[1.598s] Copying ../../build/lidar_cone_detector/lidar_cone_detector.egg-info to /home/samarpit_bhatia/perception_summer/install/lidar_cone_detector/lib/python3.10/site-packages/lidar_cone_detector-0.0.0-py3.10.egg-info
[1.598s] running install_scripts
[1.608s] Installing cone_detector_node script to /home/samarpit_bhatia/perception_summer/install/lidar_cone_detector/lib/lidar_cone_detector
[1.609s] writing list of installed files to '/home/samarpit_bhatia/perception_summer/build/lidar_cone_detector/install.log'
[1.625s] Invoked command in '/home/samarpit_bhatia/perception_summer/src/lidar_cone_detector' returned '0': PYTHONPATH=/home/samarpit_bhatia/perception_summer/build/lidar_cone_detector/prefix_override:/usr/lib/python3/dist-packages/colcon_core/task/python/colcon_distutils_commands:/home/samarpit_bhatia/perception_summer/install/lidar_cone_detector/lib/python3.10/site-packages:${PYTHONPATH} /usr/bin/python3 -W ignore:setup.py install is deprecated -W ignore:easy_install command is deprecated setup.py egg_info --egg-base ../../build/lidar_cone_detector build --build-base /home/samarpit_bhatia/perception_summer/build/lidar_cone_detector/build install --record /home/samarpit_bhatia/perception_summer/build/lidar_cone_detector/install.log --single-version-externally-managed install_data
